<?xml version="1.0" encoding="UTF-8"?>
<!-- Generated by org.testng.reporters.JUnitXMLReporter -->
<testsuite ignored="0" hostname="WKWZToIf8GG4oA9" failures="0" tests="8" name="Surefire test" time="0.025" errors="0" timestamp="24 Aug 2023 14:36:07 GMT">
  <testcase classname="Calculator_Test" name="AdditionTest1" time="0.0"/>
  <testcase classname="Calculator_Test" name="AdditionTest2" time="0.001"/>
  <testcase classname="Calculator_Test" name="DivisionTest1" time="0.0"/>
  <testcase classname="Calculator_Test" name="DivisionTest2" time="0.0"/>
  <testcase classname="Calculator_Test" name="MultiplicationTest1" time="0.0"/>
  <testcase classname="Calculator_Test" name="MultiplicationTest2" time="0.0"/>
  <testcase classname="Calculator_Test" name="SubstractionTest1" time="0.0"/>
  <testcase classname="Calculator_Test" name="SubstractionTest2" time="0.0"/>
</testsuite> <!-- Surefire test -->
