<?xml version="1.0" encoding="UTF-8"?>
<testsuite xmlns:xsi="http://www.w3.org/2001/XMLSchema-instance" xsi:noNamespaceSchemaLocation="https://maven.apache.org/surefire/maven-surefire-plugin/xsd/surefire-test-report-3.0.xsd" version="3.0" name="Calculator_Test" time="0.698" tests="8" errors="0" skipped="0" failures="0">
  <properties>
[...]
</properties>
  <testcase name="AdditionTest1" classname="Calculator_Test" time="0.019"/>
  <testcase name="AdditionTest2" classname="Calculator_Test" time="0.0"/>
  <testcase name="DivisionTest1" classname="Calculator_Test" time="0.0"/>
  <testcase name="DivisionTest2" classname="Calculator_Test" time="0.006">
    <system-out><![CDATA[Valor del divisor incongruente
]]></system-out>
  </testcase>
  <testcase name="MultiplicationTest1" classname="Calculator_Test" time="0.0"/>
  <testcase name="MultiplicationTest2" classname="Calculator_Test" time="0.0"/>
  <testcase name="SubstractionTest1" classname="Calculator_Test" time="0.0"/>
  <testcase name="SubstractionTest2" classname="Calculator_Test" time="0.0"/>
</testsuite>